<?xml version="1.0" encoding="UTF-8"?>
<!-- Generated by org.testng.reporters.JUnitXMLReporter -->
<testsuite ignored="0" hostname="DESKTOP-MQRFOO8" failures="0" tests="5" name="Default test" time="3.233" errors="0" timestamp="25 12月 2018 10:02:34 GMT">
  <testcase classname="com.edu.qgMultiAPI.YangKaijingTest" name="sceneTest1" time="1.142"/>
  <testcase classname="com.edu.qgMultiAPI.YangKaijingTest" name="sceneTest2" time="0.388"/>
  <testcase classname="com.edu.qgMultiAPI.YangKaijingTest" name="sceneTest3" time="0.442"/>
  <testcase classname="com.edu.qgMultiAPI.YangKaijingTest" name="sceneTest4" time="0.428"/>
  <testcase classname="com.edu.qgMultiAPI.YangKaijingTest" name="sceneTest5" time="0.422"/>
</testsuite> <!-- Default test -->
