<?xml version="1.0" encoding="UTF-8"?>
<!-- Generated by org.testng.reporters.JUnitXMLReporter -->
<testsuite ignored="0" hostname="DESKTOP-MQRFOO8" failures="0" tests="4" name="Default test" time="2.443" errors="0" timestamp="24 12月 2018 08:34:36 GMT">
  <testcase classname="com.edu.qgSingleAPI.ListTest" name="testListFailDueToNoLogin" time="0.503"/>
  <testcase classname="com.edu.qgSingleAPI.ListTest" name="testListFailDueToWringPwd" time="0.188"/>
  <testcase classname="com.edu.qgSingleAPI.ListTest" name="testListFailDueToWrongUser" time="0.163"/>
  <testcase classname="com.edu.qgSingleAPI.ListTest" name="testListSuccess" time="0.255"/>
</testsuite> <!-- Default test -->
