<?xml version="1.0" encoding="UTF-8"?>
<!-- Generated by org.testng.reporters.JUnitReportReporter -->
<testsuite hostname="DESKTOP-MQRFOO8" failures="0" tests="14" name="com.edu.qgSingleAPI.GetTransportFeeTest" time="1.118" errors="0" timestamp="25 12月 2018 06:25:35 GMT" skipped="0">
  <testcase classname="com.edu.qgSingleAPI.GetTransportFeeTest" name="getFee10" time="0.085"/>
  <testcase classname="com.edu.qgSingleAPI.GetTransportFeeTest" name="getFee8" time="0.088"/>
  <testcase classname="com.edu.qgSingleAPI.GetTransportFeeTest" name="getFee1" time="0.122"/>
  <testcase classname="com.edu.qgSingleAPI.GetTransportFeeTest" name="getFee5" time="0.084"/>
  <testcase classname="com.edu.qgSingleAPI.GetTransportFeeTest" name="getFee3" time="0.082"/>
  <testcase classname="com.edu.qgSingleAPI.GetTransportFeeTest" name="getFee4" time="0.002"/>
  <testcase classname="com.edu.qgSingleAPI.GetTransportFeeTest" name="getFee13" time="0.096"/>
  <testcase classname="com.edu.qgSingleAPI.GetTransportFeeTest" name="getFee2" time="0.079"/>
  <testcase classname="com.edu.qgSingleAPI.GetTransportFeeTest" name="getFee7" time="0.078"/>
  <testcase classname="com.edu.qgSingleAPI.GetTransportFeeTest" name="getFee9" time="0.091"/>
  <testcase classname="com.edu.qgSingleAPI.GetTransportFeeTest" name="getFee6" time="0.070"/>
  <testcase classname="com.edu.qgSingleAPI.GetTransportFeeTest" name="getFee14" time="0.071"/>
  <testcase classname="com.edu.qgSingleAPI.GetTransportFeeTest" name="getFee12" time="0.089"/>
  <testcase classname="com.edu.qgSingleAPI.GetTransportFeeTest" name="getFee11" time="0.081"/>
</testsuite> <!-- com.edu.qgSingleAPI.GetTransportFeeTest -->
