<?xml version="1.0" encoding="UTF-8"?>
<!-- Generated by org.testng.reporters.JUnitReportReporter -->
<testsuite hostname="DESKTOP-MQRFOO8" failures="0" tests="4" name="com.edu.qgSingleAPI.ListTest" time="1.876" errors="0" timestamp="25 12月 2018 06:25:35 GMT" skipped="0">
  <testcase classname="com.edu.qgSingleAPI.ListTest" name="testListFailDueToNoLogin" time="0.099"/>
  <testcase classname="com.edu.qgSingleAPI.ListTest" name="testListFailDueToWringPwd" time="1.336"/>
  <testcase classname="com.edu.qgSingleAPI.ListTest" name="testListFailDueToWrongUser" time="0.194"/>
  <testcase classname="com.edu.qgSingleAPI.ListTest" name="testListSuccess" time="0.247"/>
</testsuite> <!-- com.edu.qgSingleAPI.ListTest -->
