<?xml version="1.0" encoding="UTF-8"?>
<!-- Generated by org.testng.reporters.JUnitReportReporter -->
<testsuite hostname="DESKTOP-MQRFOO8" failures="0" tests="4" name="com.edu.qgMultiAPI.DiaoLixiangTest" time="3.155" errors="0" timestamp="25 12月 2018 10:06:53 GMT" skipped="0">
  <testcase classname="com.edu.qgMultiAPI.DiaoLixiangTest" name="sence4" time="1.646"/>
  <testcase classname="com.edu.qgMultiAPI.DiaoLixiangTest" name="sence2" time="0.377"/>
  <testcase classname="com.edu.qgMultiAPI.DiaoLixiangTest" name="sence3" time="0.341"/>
  <testcase classname="com.edu.qgMultiAPI.DiaoLixiangTest" name="sence1" time="0.791"/>
</testsuite> <!-- com.edu.qgMultiAPI.DiaoLixiangTest -->
