<?xml version="1.0" encoding="UTF-8"?>
<!-- Generated by org.testng.reporters.JUnitReportReporter -->
<testsuite hostname="DESKTOP-MQRFOO8" failures="0" tests="5" name="com.edu.qgMultiAPI.FengbinTest" time="2.410" errors="0" timestamp="25 12月 2018 10:06:53 GMT" skipped="0">
  <testcase classname="com.edu.qgMultiAPI.FengbinTest" name="scene1" time="0.639"/>
  <testcase classname="com.edu.qgMultiAPI.FengbinTest" name="scene2" time="0.378"/>
  <testcase classname="com.edu.qgMultiAPI.FengbinTest" name="scene3" time="0.552"/>
  <testcase classname="com.edu.qgMultiAPI.FengbinTest" name="scene5" time="0.470"/>
  <testcase classname="com.edu.qgMultiAPI.FengbinTest" name="scene4" time="0.371"/>
</testsuite> <!-- com.edu.qgMultiAPI.FengbinTest -->
