<?xml version="1.0" encoding="UTF-8"?>
<!-- Generated by org.testng.reporters.JUnitReportReporter -->
<testsuite hostname="DESKTOP-MQRFOO8" failures="0" tests="3" name="com.edu.qgSingleAPI.SkuListTest" time="0.335" errors="0" timestamp="25 12月 2018 06:25:35 GMT" skipped="0">
  <testcase classname="com.edu.qgSingleAPI.SkuListTest" name="TestSkuListById" time="0.104"/>
  <testcase classname="com.edu.qgSingleAPI.SkuListTest" name="TestSkuList1" time="0.113"/>
  <testcase classname="com.edu.qgSingleAPI.SkuListTest" name="TestSkuList2" time="0.118"/>
</testsuite> <!-- com.edu.qgSingleAPI.SkuListTest -->
