<?xml version="1.0" encoding="UTF-8"?>
<!-- Generated by org.testng.reporters.JUnitReportReporter -->
<testsuite hostname="DESKTOP-MQRFOO8" failures="0" tests="5" name="com.edu.qgMultiAPI.YangKaijing" time="2.870" errors="0" timestamp="25 12月 2018 06:49:05 GMT" skipped="0">
  <testcase classname="com.edu.qgMultiAPI.YangKaijing" name="sceneTest5" time="0.419"/>
  <testcase classname="com.edu.qgMultiAPI.YangKaijing" name="sceneTest3" time="0.731"/>
  <testcase classname="com.edu.qgMultiAPI.YangKaijing" name="sceneTest2" time="0.345"/>
  <testcase classname="com.edu.qgMultiAPI.YangKaijing" name="sceneTest1" time="1.023"/>
  <testcase classname="com.edu.qgMultiAPI.YangKaijing" name="sceneTest4" time="0.352"/>
</testsuite> <!-- com.edu.qgMultiAPI.YangKaijing -->
