<?xml version="1.0" encoding="UTF-8"?>
<!-- Generated by org.testng.reporters.JUnitReportReporter -->
<testsuite hostname="DESKTOP-MQRFOO8" failures="0" tests="5" name="com.edu.qgMultiAPI.XuShiweiTest" time="2.403" errors="0" timestamp="25 12月 2018 10:06:53 GMT" skipped="0">
  <testcase classname="com.edu.qgMultiAPI.XuShiweiTest" name="forth" time="0.506"/>
  <testcase classname="com.edu.qgMultiAPI.XuShiweiTest" name="third" time="0.514"/>
  <testcase classname="com.edu.qgMultiAPI.XuShiweiTest" name="first" time="0.474"/>
  <testcase classname="com.edu.qgMultiAPI.XuShiweiTest" name="fifth" time="0.420"/>
  <testcase classname="com.edu.qgMultiAPI.XuShiweiTest" name="second" time="0.489"/>
</testsuite> <!-- com.edu.qgMultiAPI.XuShiweiTest -->
