<?xml version="1.0" encoding="UTF-8"?>
<!-- Generated by org.testng.reporters.JUnitReportReporter -->
<testsuite hostname="DESKTOP-MQRFOO8" failures="0" tests="5" name="com.edu.qgSingleAPI.DeleteTest" time="1.183" errors="0" timestamp="25 12月 2018 06:25:35 GMT" skipped="0">
  <testcase classname="com.edu.qgSingleAPI.DeleteTest" name="del_fail04_test" time="0.163"/>
  <testcase classname="com.edu.qgSingleAPI.DeleteTest" name="del_fail02_test" time="0.313"/>
  <testcase classname="com.edu.qgSingleAPI.DeleteTest" name="del_fail01_test" time="0.176"/>
  <testcase classname="com.edu.qgSingleAPI.DeleteTest" name="del_fail03_test" time="0.169"/>
  <testcase classname="com.edu.qgSingleAPI.DeleteTest" name="del_success_test" time="0.362"/>
</testsuite> <!-- com.edu.qgSingleAPI.DeleteTest -->
