<?xml version="1.0" encoding="UTF-8"?>
<!-- Generated by org.testng.reporters.JUnitReportReporter -->
<testsuite hostname="DESKTOP-MQRFOO8" failures="0" tests="12" name="com.edu.qgSingleAPI.SubmitTest" time="5.462" errors="0" timestamp="25 12月 2018 06:25:35 GMT" skipped="0">
  <testcase classname="com.edu.qgSingleAPI.SubmitTest" name="submit4" time="0.181"/>
  <testcase classname="com.edu.qgSingleAPI.SubmitTest" name="submit7" time="0.183"/>
  <testcase classname="com.edu.qgSingleAPI.SubmitTest" name="submit1" time="0.185"/>
  <testcase classname="com.edu.qgSingleAPI.SubmitTest" name="submit8" time="0.171"/>
  <testcase classname="com.edu.qgSingleAPI.SubmitTest" name="submit6" time="0.218"/>
  <testcase classname="com.edu.qgSingleAPI.SubmitTest" name="submit5" time="3.219"/>
  <testcase classname="com.edu.qgSingleAPI.SubmitTest" name="submit9" time="0.178"/>
  <testcase classname="com.edu.qgSingleAPI.SubmitTest" name="submitc" time="0.317"/>
  <testcase classname="com.edu.qgSingleAPI.SubmitTest" name="submita" time="0.201"/>
  <testcase classname="com.edu.qgSingleAPI.SubmitTest" name="submit3" time="0.218"/>
  <testcase classname="com.edu.qgSingleAPI.SubmitTest" name="submit2" time="0.175"/>
  <testcase classname="com.edu.qgSingleAPI.SubmitTest" name="submitb" time="0.216"/>
</testsuite> <!-- com.edu.qgSingleAPI.SubmitTest -->
