<?xml version="1.0" encoding="UTF-8"?>
<!-- Generated by org.testng.reporters.JUnitReportReporter -->
<testsuite hostname="DESKTOP-MQRFOO8" failures="0" tests="5" name="com.edu.qgMultiAPI.SunLiyingTest" time="2.959" errors="0" timestamp="25 12月 2018 10:06:53 GMT" skipped="0">
  <testcase classname="com.edu.qgMultiAPI.SunLiyingTest" name="test_scence2" time="0.468"/>
  <testcase classname="com.edu.qgMultiAPI.SunLiyingTest" name="test_scence4" time="0.256"/>
  <testcase classname="com.edu.qgMultiAPI.SunLiyingTest" name="test_scence3" time="0.479"/>
  <testcase classname="com.edu.qgMultiAPI.SunLiyingTest" name="test_scence5" time="0.724"/>
  <testcase classname="com.edu.qgMultiAPI.SunLiyingTest" name="test_scence1" time="1.032"/>
</testsuite> <!-- com.edu.qgMultiAPI.SunLiyingTest -->
