<?xml version="1.0" encoding="UTF-8"?>
<testng-results ignored="0" total="4" passed="4" failed="0" skipped="0">
  <reporter-output>
  </reporter-output>
  <suite started-at="2018-12-24T08:34:28Z" name="Default suite" finished-at="2018-12-24T08:34:30Z" duration-ms="2443">
    <groups>
    </groups>
    <test started-at="2018-12-24T08:34:28Z" name="Default test" finished-at="2018-12-24T08:34:30Z" duration-ms="2443">
      <class name="com.edu.qgSingleAPI.ListTest">
        <test-method is-config="true" signature="setUp()[pri:0, instance:com.edu.qgSingleAPI.ListTest@437da279]" started-at="2018-12-24T08:34:28Z" name="setUp" finished-at="2018-12-24T08:34:29Z" duration-ms="1224" status="PASS">
          <reporter-output>
          </reporter-output>
        </test-method> <!-- setUp -->
        <test-method signature="testListFailDueToNoLogin()[pri:0, instance:com.edu.qgSingleAPI.ListTest@437da279]" started-at="2018-12-24T08:34:29Z" name="testListFailDueToNoLogin" finished-at="2018-12-24T08:34:29Z" duration-ms="503" status="PASS">
          <reporter-output>
          </reporter-output>
        </test-method> <!-- testListFailDueToNoLogin -->
        <test-method is-config="true" signature="tearDown()[pri:0, instance:com.edu.qgSingleAPI.ListTest@437da279]" started-at="2018-12-24T08:34:29Z" name="tearDown" finished-at="2018-12-24T08:34:29Z" duration-ms="1" status="PASS">
          <reporter-output>
          </reporter-output>
        </test-method> <!-- tearDown -->
        <test-method is-config="true" signature="setUp()[pri:0, instance:com.edu.qgSingleAPI.ListTest@437da279]" started-at="2018-12-24T08:34:29Z" name="setUp" finished-at="2018-12-24T08:34:29Z" duration-ms="12" status="PASS">
          <reporter-output>
          </reporter-output>
        </test-method> <!-- setUp -->
        <test-method signature="testListFailDueToWringPwd()[pri:0, instance:com.edu.qgSingleAPI.ListTest@437da279]" started-at="2018-12-24T08:34:29Z" name="testListFailDueToWringPwd" finished-at="2018-12-24T08:34:30Z" duration-ms="188" status="PASS">
          <reporter-output>
          </reporter-output>
        </test-method> <!-- testListFailDueToWringPwd -->
        <test-method is-config="true" signature="tearDown()[pri:0, instance:com.edu.qgSingleAPI.ListTest@437da279]" started-at="2018-12-24T08:34:30Z" name="tearDown" finished-at="2018-12-24T08:34:30Z" duration-ms="1" status="PASS">
          <reporter-output>
          </reporter-output>
        </test-method> <!-- tearDown -->
        <test-method is-config="true" signature="setUp()[pri:0, instance:com.edu.qgSingleAPI.ListTest@437da279]" started-at="2018-12-24T08:34:30Z" name="setUp" finished-at="2018-12-24T08:34:30Z" duration-ms="28" status="PASS">
          <reporter-output>
          </reporter-output>
        </test-method> <!-- setUp -->
        <test-method signature="testListFailDueToWrongUser()[pri:0, instance:com.edu.qgSingleAPI.ListTest@437da279]" started-at="2018-12-24T08:34:30Z" name="testListFailDueToWrongUser" finished-at="2018-12-24T08:34:30Z" duration-ms="163" status="PASS">
          <reporter-output>
          </reporter-output>
        </test-method> <!-- testListFailDueToWrongUser -->
        <test-method is-config="true" signature="tearDown()[pri:0, instance:com.edu.qgSingleAPI.ListTest@437da279]" started-at="2018-12-24T08:34:30Z" name="tearDown" finished-at="2018-12-24T08:34:30Z" duration-ms="1" status="PASS">
          <reporter-output>
          </reporter-output>
        </test-method> <!-- tearDown -->
        <test-method is-config="true" signature="setUp()[pri:0, instance:com.edu.qgSingleAPI.ListTest@437da279]" started-at="2018-12-24T08:34:30Z" name="setUp" finished-at="2018-12-24T08:34:30Z" duration-ms="20" status="PASS">
          <reporter-output>
          </reporter-output>
        </test-method> <!-- setUp -->
        <test-method signature="testListSuccess()[pri:0, instance:com.edu.qgSingleAPI.ListTest@437da279]" started-at="2018-12-24T08:34:30Z" name="testListSuccess" finished-at="2018-12-24T08:34:30Z" duration-ms="255" status="PASS">
          <reporter-output>
          </reporter-output>
        </test-method> <!-- testListSuccess -->
        <test-method is-config="true" signature="tearDown()[pri:0, instance:com.edu.qgSingleAPI.ListTest@437da279]" started-at="2018-12-24T08:34:30Z" name="tearDown" finished-at="2018-12-24T08:34:30Z" duration-ms="1" status="PASS">
          <reporter-output>
          </reporter-output>
        </test-method> <!-- tearDown -->
      </class> <!-- com.edu.qgSingleAPI.ListTest -->
    </test> <!-- Default test -->
  </suite> <!-- Default suite -->
</testng-results>
