<?xml version="1.0" encoding="UTF-8"?>
<!-- Generated by org.testng.reporters.JUnitXMLReporter -->
<testsuite ignored="0" hostname="DESKTOP-MQRFOO8" failures="0" tests="6" name="testMultiAPI" time="4.413" errors="0" timestamp="24 12月 2018 09:46:32 GMT">
  <testcase classname="com.edu.qgMultiAPI.FengBinTest" name="scene1" time="1.762"/>
  <testcase classname="com.edu.qgMultiAPI.FengBinTest" name="scene2" time="0.487"/>
  <testcase classname="com.edu.qgMultiAPI.FengBinTest" name="scene3" time="0.589"/>
  <testcase classname="com.edu.qgMultiAPI.FengBinTest" name="scene4" time="0.384"/>
  <testcase classname="com.edu.qgMultiAPI.FengBinTest" name="scene5" time="0.518"/>
  <testcase classname="sendMail.SendRecentReportMail" name="SendReport" time="0.606"/>
</testsuite> <!-- testMultiAPI -->
