<?xml version="1.0" encoding="UTF-8"?>
<testng-results ignored="0" total="1" passed="1" failed="0" skipped="0">
  <reporter-output>
  </reporter-output>
  <suite started-at="2018-11-26T11:10:30Z" name="Default suite" finished-at="2018-11-26T11:10:30Z" duration-ms="206">
    <groups>
    </groups>
    <test started-at="2018-11-26T11:10:30Z" name="Default test" finished-at="2018-11-26T11:10:30Z" duration-ms="206">
      <class name="testCase.buildZip">
        <test-method signature="testZip()[pri:0, instance:testCase.buildZip@18d87d80]" started-at="2018-11-26T11:10:30Z" name="testZip" finished-at="2018-11-26T11:10:30Z" duration-ms="169" status="PASS">
          <reporter-output>
          </reporter-output>
        </test-method> <!-- testZip -->
      </class> <!-- testCase.buildZip -->
    </test> <!-- Default test -->
  </suite> <!-- Default suite -->
</testng-results>
