<?xml version="1.0" encoding="UTF-8"?>
<!-- Generated by org.testng.reporters.JUnitXMLReporter -->
<testsuite ignored="0" hostname="DESKTOP-MQRFOO8" failures="0" tests="8" name="testSLY" time="70.296" errors="0" timestamp="12 12月 2018 06:10:06 GMT">
  <testcase classname="testCase.SlyRanZhiTest" name="returnDesk" time="6.635"/>
  <testcase classname="testCase.SlyRanZhiTest" name="chongzhi" time="7.92"/>
  <testcase classname="testCase.SlyRanZhiTest" name="testsave" time="9.549"/>
  <testcase classname="testCase.SlyRanZhiTest" name="testsearch" time="11.296"/>
  <testcase classname="testCase.SlyRanZhiTest" name="testAllApps" time="10.276"/>
  <testcase classname="testCase.SlyRanZhiTest" name="testTurnTo" time="5.495"/>
  <testcase classname="testCase.SlyRanZhiTest" name="testDisLeftShow" time="2.538"/>
  <testcase classname="testCase.SlyRanZhiTest" name="testAddGroup" time="9.337"/>
</testsuite> <!-- testSLY -->
