<?xml version="1.0" encoding="UTF-8"?>
<!-- Generated by org.testng.reporters.JUnitXMLReporter -->
<testsuite ignored="0" hostname="DESKTOP-MQRFOO8" failures="1" tests="11" name="testRanZhi" time="181.818" errors="0" timestamp="12 12月 2018 06:04:13 GMT">
  <testcase classname="testCase.SlyRanZhiTest" name="returnDesk" time="6.968"/>
  <testcase classname="testCase.FbRanZhiTest" name="AouncementDelete" time="29.088"/>
  <testcase classname="testCase.ZfyRanZhiTest" name="testOA_add_block" time="24.658"/>
  <testcase classname="testCase.DlxRanZhiTest" name="ceshi1" time="14.495"/>
  <testcase classname="testCase.DlxRanZhiTest" name="ceshi2" time="14.573"/>
  <testcase classname="testCase.DlxRanZhiTest" name="ceshi4" time="4.603"/>
  <testcase classname="testCase.DlxRanZhiTest" name="ceshi5" time="12.765"/>
  <testcase classname="testCase.DlxRanZhiTest" name="ceshi6" time="6.571"/>
  <testcase classname="testCase.DlxRanZhiTest" name="ceshi7" time="2.345"/>
  <testcase classname="testCase.DlxRanZhiTest" name="ceshi8" time="3.153">
    <failure type="org.openqa.selenium.ElementNotInteractableException" message="
Build info: version: &amp;apos;3.6.0&amp;apos;, revision: &amp;apos;6fbf3ec767&amp;apos;, time: &amp;apos;2017-09-27T16:15:40.131Z&amp;apos;
System info: host: &amp;apos;DESKTOP-MQRFOO8&amp;apos;, ip: &amp;apos;10.7.90.210&amp;apos;, os.name: &amp;apos;Windows 10&amp;apos;, os.arch: &amp;apos;amd64&amp;apos;, os.version: &amp;apos;10.0&amp;apos;, java.version: &amp;apos;9.0.4&amp;apos;
Driver info: org.openqa.selenium.firefox.FirefoxDriver
Capabilities [{moz:profile=C:\Users\孙立莹\AppData\Local\Temp\rust_mozprofile.wCqNqVhRNPal, rotatable=false, timeouts={implicit=0, pageLoad=300000, script=30000}, pageLoadStrategy=normal, moz:headless=false, platform=XP, specificationLevel=0, moz:accessibilityChecks=false, acceptInsecureCerts=true, browserVersion=56.0, platformVersion=10.0, moz:processID=12628, browserName=firefox, javascriptEnabled=true, platformName=XP}]
Session ID: c9558ea1-217c-4e87-b488-1096e995fb57">
      <![CDATA[org.openqa.selenium.ElementNotInteractableException: 
Build info: version: '3.6.0', revision: '6fbf3ec767', time: '2017-09-27T16:15:40.131Z'
System info: host: 'DESKTOP-MQRFOO8', ip: '10.7.90.210', os.name: 'Windows 10', os.arch: 'amd64', os.version: '10.0', java.version: '9.0.4'
Driver info: org.openqa.selenium.firefox.FirefoxDriver
Capabilities [{moz:profile=C:\Users\孙立莹\AppData\Local\Temp\rust_mozprofile.wCqNqVhRNPal, rotatable=false, timeouts={implicit=0, pageLoad=300000, script=30000}, pageLoadStrategy=normal, moz:headless=false, platform=XP, specificationLevel=0, moz:accessibilityChecks=false, acceptInsecureCerts=true, browserVersion=56.0, platformVersion=10.0, moz:processID=12628, browserName=firefox, javascriptEnabled=true, platformName=XP}]
Session ID: c9558ea1-217c-4e87-b488-1096e995fb57
at org.openqa.selenium.remote.http.W3CHttpResponseCodec.createException(W3CHttpResponseCodec.java:185)
at org.openqa.selenium.remote.http.W3CHttpResponseCodec.decode(W3CHttpResponseCodec.java:120)
at org.openqa.selenium.remote.http.W3CHttpResponseCodec.decode(W3CHttpResponseCodec.java:49)
at org.openqa.selenium.remote.HttpCommandExecutor.execute(HttpCommandExecutor.java:164)
at org.openqa.selenium.remote.service.DriverCommandExecutor.execute(DriverCommandExecutor.java:83)
at org.openqa.selenium.remote.RemoteWebDriver.execute(RemoteWebDriver.java:586)
at org.openqa.selenium.remote.RemoteWebElement.execute(RemoteWebElement.java:279)
at org.openqa.selenium.remote.RemoteWebElement.click(RemoteWebElement.java:83)
at testCase.DlxRanZhiTest.ceshi8(DlxRanZhiTest.java:128)
... Removed 29 stack frames]]>
    </failure>
  </testcase> <!-- ceshi8 -->
  <testcase classname="testCase.DlxRanZhiTest" name="qianTui" time="12.19"/>
</testsuite> <!-- testRanZhi -->
