<?xml version="1.0" encoding="UTF-8"?>
<!-- Generated by org.testng.reporters.JUnitReportReporter -->
<testsuite hostname="DESKTOP-MQRFOO8" failures="0" tests="5" name="com.edu.qgMultiAPI.FengBinTest" time="3.717" errors="0" timestamp="23 12月 2018 13:26:21 GMT" skipped="0">
  <testcase classname="com.edu.qgMultiAPI.FengBinTest" name="scene2" time="0.470"/>
  <testcase classname="com.edu.qgMultiAPI.FengBinTest" name="scene3" time="0.595"/>
  <testcase classname="com.edu.qgMultiAPI.FengBinTest" name="scene4" time="0.357"/>
  <testcase classname="com.edu.qgMultiAPI.FengBinTest" name="scene1" time="1.816"/>
  <testcase classname="com.edu.qgMultiAPI.FengBinTest" name="scene5" time="0.479"/>
</testsuite> <!-- com.edu.qgMultiAPI.FengBinTest -->
