<?xml version="1.0" encoding="UTF-8"?>
<!-- Generated by org.testng.reporters.JUnitReportReporter -->
<testsuite hostname="DESKTOP-MQRFOO8" failures="0" tests="5" name="com.edu.qgMultiAPI.SunLiyingTest" time="4.919" errors="0" timestamp="23 12月 2018 05:50:10 GMT" skipped="0">
  <testcase classname="com.edu.qgMultiAPI.SunLiyingTest" name="test_scence1" time="1.753"/>
  <testcase classname="com.edu.qgMultiAPI.SunLiyingTest" name="test_scence4" time="0.302"/>
  <testcase classname="com.edu.qgMultiAPI.SunLiyingTest" name="test_scence5" time="0.785"/>
  <testcase classname="com.edu.qgMultiAPI.SunLiyingTest" name="test_scence2" time="1.522"/>
  <testcase classname="com.edu.qgMultiAPI.SunLiyingTest" name="test_scence3" time="0.557"/>
</testsuite> <!-- com.edu.qgMultiAPI.SunLiyingTest -->
