<?xml version="1.0" encoding="UTF-8"?>
<!-- Generated by org.testng.reporters.JUnitReportReporter -->
<testsuite hostname="DESKTOP-MQRFOO8" failures="0" tests="5" name="com.edu.qgMultiAPI.FengBinTest" time="6.987" errors="0" timestamp="24 12月 2018 09:34:27 GMT" skipped="0">
  <testcase classname="com.edu.qgMultiAPI.FengBinTest" name="scene2" time="0.431"/>
  <testcase classname="com.edu.qgMultiAPI.FengBinTest" name="scene5" time="0.562"/>
  <testcase classname="com.edu.qgMultiAPI.FengBinTest" name="scene1" time="5.027"/>
  <testcase classname="com.edu.qgMultiAPI.FengBinTest" name="scene4" time="0.372"/>
  <testcase classname="com.edu.qgMultiAPI.FengBinTest" name="scene3" time="0.595"/>
</testsuite> <!-- com.edu.qgMultiAPI.FengBinTest -->
