<?xml version="1.0" encoding="UTF-8"?>
<!-- Generated by org.testng.reporters.JUnitReportReporter -->
<testsuite hostname="DESKTOP-MQRFOO8" failures="0" tests="16" name="com.edu.qgMultiAPI.ZhangFeiyu" time="3.364" errors="0" timestamp="24 12月 2018 08:11:25 GMT" skipped="0">
  <testcase classname="com.edu.qgMultiAPI.ZhangFeiyu" name="scene01_login_success" time="0.623"/>
  <testcase classname="com.edu.qgMultiAPI.ZhangFeiyu" name="scene01_list_success" time="0.737"/>
  <testcase classname="com.edu.qgMultiAPI.ZhangFeiyu" name="scene01_fee_success" time="0.083"/>
  <testcase classname="com.edu.qgMultiAPI.ZhangFeiyu" name="scene01_submit_success" time="0.158"/>
  <testcase classname="com.edu.qgMultiAPI.ZhangFeiyu" name="scene02_getlist_success" time="0.274"/>
  <testcase classname="com.edu.qgMultiAPI.ZhangFeiyu" name="scene02_del_success" time="0.131"/>
  <testcase classname="com.edu.qgMultiAPI.ZhangFeiyu" name="scene02_add_success" time="0.135"/>
  <testcase classname="com.edu.qgMultiAPI.ZhangFeiyu" name="scene03_sku_success" time="0.117"/>
  <testcase classname="com.edu.qgMultiAPI.ZhangFeiyu" name="scene03_sku1_success" time="0.097"/>
  <testcase classname="com.edu.qgMultiAPI.ZhangFeiyu" name="scene03_sku2_success" time="0.106"/>
  <testcase classname="com.edu.qgMultiAPI.ZhangFeiyu" name="scene03_sku3_success" time="0.098"/>
  <testcase classname="com.edu.qgMultiAPI.ZhangFeiyu" name="scene04_login_success" time="0.107"/>
  <testcase classname="com.edu.qgMultiAPI.ZhangFeiyu" name="scene04_getlist_success" time="0.261"/>
  <testcase classname="com.edu.qgMultiAPI.ZhangFeiyu" name="scene04_del_success" time="0.133"/>
  <testcase classname="com.edu.qgMultiAPI.ZhangFeiyu" name="scene04_add_success" time="0.155"/>
  <testcase classname="com.edu.qgMultiAPI.ZhangFeiyu" name="scene04_submit_success" time="0.149"/>
</testsuite> <!-- com.edu.qgMultiAPI.ZhangFeiyu -->
