<?xml version="1.0" encoding="UTF-8"?>
<!-- Generated by org.testng.reporters.JUnitReportReporter -->
<testsuite hostname="DESKTOP-MQRFOO8" failures="0" tests="12" name="com.edu.qgSingleAPI.Submit" time="3.173" errors="0" timestamp="24 12月 2018 08:11:58 GMT" skipped="0">
  <testcase classname="com.edu.qgSingleAPI.Submit" name="submit6" time="0.222"/>
  <testcase classname="com.edu.qgSingleAPI.Submit" name="submit9" time="0.173"/>
  <testcase classname="com.edu.qgSingleAPI.Submit" name="submit1" time="0.218"/>
  <testcase classname="com.edu.qgSingleAPI.Submit" name="submit8" time="0.216"/>
  <testcase classname="com.edu.qgSingleAPI.Submit" name="submit2" time="0.193"/>
  <testcase classname="com.edu.qgSingleAPI.Submit" name="submit4" time="0.228"/>
  <testcase classname="com.edu.qgSingleAPI.Submit" name="submita" time="0.225"/>
  <testcase classname="com.edu.qgSingleAPI.Submit" name="submit7" time="0.205"/>
  <testcase classname="com.edu.qgSingleAPI.Submit" name="submitb" time="0.234"/>
  <testcase classname="com.edu.qgSingleAPI.Submit" name="submitc" time="0.325"/>
  <testcase classname="com.edu.qgSingleAPI.Submit" name="submit5" time="0.218"/>
  <testcase classname="com.edu.qgSingleAPI.Submit" name="submit3" time="0.716"/>
</testsuite> <!-- com.edu.qgSingleAPI.Submit -->
