<?xml version="1.0" encoding="UTF-8"?>
<!-- Generated by org.testng.reporters.JUnitReportReporter -->
<testsuite hostname="DESKTOP-MQRFOO8" failures="0" tests="5" name="com.edu.qgSingleAPI.DeleteTest" time="2.423" errors="0" timestamp="24 12月 2018 08:17:56 GMT" skipped="0">
  <testcase classname="com.edu.qgSingleAPI.DeleteTest" name="del_fail03_test" time="0.190"/>
  <testcase classname="com.edu.qgSingleAPI.DeleteTest" name="del_fail04_test" time="0.197"/>
  <testcase classname="com.edu.qgSingleAPI.DeleteTest" name="del_fail01_test" time="1.289"/>
  <testcase classname="com.edu.qgSingleAPI.DeleteTest" name="del_success_test" time="0.406"/>
  <testcase classname="com.edu.qgSingleAPI.DeleteTest" name="del_fail02_test" time="0.341"/>
</testsuite> <!-- com.edu.qgSingleAPI.DeleteTest -->
