<?xml version="1.0" encoding="UTF-8"?>
<!-- Generated by org.testng.reporters.JUnitReportReporter -->
<testsuite hostname="DESKTOP-MQRFOO8" failures="0" tests="4" name="com.edu.qgMultiAPI.ShengchunyueTest" time="3.418" errors="0" timestamp="23 12月 2018 10:45:52 GMT" skipped="0">
  <testcase classname="com.edu.qgMultiAPI.ShengchunyueTest" name="scene2" time="0.540"/>
  <testcase classname="com.edu.qgMultiAPI.ShengchunyueTest" name="scene1" time="1.857"/>
  <testcase classname="com.edu.qgMultiAPI.ShengchunyueTest" name="scene3" time="0.593"/>
  <testcase classname="com.edu.qgMultiAPI.ShengchunyueTest" name="scene4" time="0.428"/>
</testsuite> <!-- com.edu.qgMultiAPI.ShengchunyueTest -->
