<?xml version="1.0" encoding="UTF-8"?>
<!-- Generated by org.testng.reporters.JUnitReportReporter -->
<testsuite hostname="DESKTOP-MQRFOO8" failures="0" tests="4" name="com.edu.test.ListTest" time="2.490" errors="0" timestamp="23 12月 2018 03:34:24 GMT" skipped="0">
  <testcase classname="com.edu.test.ListTest" name="testListFailDueToWrongUser" time="0.232"/>
  <testcase classname="com.edu.test.ListTest" name="testListFailDueToWringPwd" time="0.194"/>
  <testcase classname="com.edu.test.ListTest" name="testListFailDueToNoLogin" time="1.730"/>
  <testcase classname="com.edu.test.ListTest" name="testListSuccess" time="0.334"/>
</testsuite> <!-- com.edu.test.ListTest -->
