<?xml version="1.0" encoding="UTF-8"?>
<!-- Generated by org.testng.reporters.JUnitReportReporter -->
<testsuite hostname="DESKTOP-MQRFOO8" failures="0" tests="4" name="com.edu.qgSingleAPI.ListTest" time="2.397" errors="0" timestamp="24 12月 2018 08:34:36 GMT" skipped="0">
  <testcase classname="com.edu.qgSingleAPI.ListTest" name="testListFailDueToNoLogin" time="0.516"/>
  <testcase classname="com.edu.qgSingleAPI.ListTest" name="testListFailDueToWringPwd" time="0.217"/>
  <testcase classname="com.edu.qgSingleAPI.ListTest" name="testListSuccess" time="1.480"/>
  <testcase classname="com.edu.qgSingleAPI.ListTest" name="testListFailDueToWrongUser" time="0.184"/>
</testsuite> <!-- com.edu.qgSingleAPI.ListTest -->
