<?xml version="1.0" encoding="UTF-8"?>
<!-- Generated by org.testng.reporters.JUnitReportReporter -->
<testsuite hostname="DESKTOP-MQRFOO8" failures="0" tests="8" name="testCase.SlyRanZhiTest" time="63.046" errors="0" timestamp="12 12月 2018 06:29:21 GMT" skipped="0">
  <testcase classname="testCase.SlyRanZhiTest" name="returnDesk" time="6.635"/>
  <testcase classname="testCase.SlyRanZhiTest" name="chongzhi" time="7.920"/>
  <testcase classname="testCase.SlyRanZhiTest" name="testsave" time="9.549"/>
  <testcase classname="testCase.SlyRanZhiTest" name="testsearch" time="11.296"/>
  <testcase classname="testCase.SlyRanZhiTest" name="testAllApps" time="10.276"/>
  <testcase classname="testCase.SlyRanZhiTest" name="testTurnTo" time="5.495"/>
  <testcase classname="testCase.SlyRanZhiTest" name="testDisLeftShow" time="2.538"/>
  <testcase classname="testCase.SlyRanZhiTest" name="testAddGroup" time="9.337"/>
</testsuite> <!-- testCase.SlyRanZhiTest -->
