<?xml version="1.0" encoding="UTF-8"?>
<!-- Generated by org.testng.reporters.JUnitReportReporter -->
<testsuite hostname="DESKTOP-MQRFOO8" failures="0" tests="9" name="fengBin.AnnouncementTest" time="375.919" errors="0" timestamp="10 12月 2018 12:21:27 GMT" skipped="0">
  <testcase classname="fengBin.AnnouncementTest" name="AouncementDelete" time="29.199"/>
  <testcase classname="fengBin.AnnouncementTest" name="LoginRanZhi" time="46.532"/>
  <testcase classname="fengBin.AnnouncementTest" name="ContactTry" time="42.112"/>
  <testcase classname="fengBin.AnnouncementTest" name="CustomDo" time="80.503"/>
  <testcase classname="fengBin.AnnouncementTest" name="AddDepartment" time="37.548"/>
  <testcase classname="fengBin.AnnouncementTest" name="ReturnCard" time="39.830"/>
  <testcase classname="fengBin.AnnouncementTest" name="SearchBk" time="41.683"/>
  <testcase classname="fengBin.AnnouncementTest" name="SwitchThemeTest" time="18.906"/>
  <testcase classname="fengBin.AnnouncementTest" name="Top" time="39.606"/>
</testsuite> <!-- fengBin.AnnouncementTest -->
