<?xml version="1.0" encoding="UTF-8"?>
<!-- Generated by org.testng.reporters.JUnitReportReporter -->
<testsuite hostname="DESKTOP-MQRFOO8" failures="0" tests="9" name="testCase.FbRanZhiTest" time="376.738" errors="0" timestamp="12 12月 2018 06:29:21 GMT" skipped="0">
  <testcase classname="testCase.FbRanZhiTest" name="AouncementDelete" time="28.958"/>
  <testcase classname="testCase.FbRanZhiTest" name="LoginRanZhi" time="46.914"/>
  <testcase classname="testCase.FbRanZhiTest" name="ContactTry" time="42.220"/>
  <testcase classname="testCase.FbRanZhiTest" name="CustomDo" time="80.163"/>
  <testcase classname="testCase.FbRanZhiTest" name="AddDepartment" time="32.642"/>
  <testcase classname="testCase.FbRanZhiTest" name="ReturnCard" time="40.668"/>
  <testcase classname="testCase.FbRanZhiTest" name="SearchBk" time="42.987"/>
  <testcase classname="testCase.FbRanZhiTest" name="SwitchThemeTest" time="21.505"/>
  <testcase classname="testCase.FbRanZhiTest" name="Top" time="40.681"/>
</testsuite> <!-- testCase.FbRanZhiTest -->
